<?xml version="1.0" encoding="UTF-8"?>
<testsuite name="TestCases" tests="10" skipped="0" failures="0" errors="0" timestamp="2020-06-16T15:04:40" hostname="MacBook-Air-de-Afonso.local" time="0.01">
  <properties/>
  <testcase name="testDuplicateRooms" classname="TestCases" time="0.002"/>
  <testcase name="testRoom" classname="TestCases" time="0.001"/>
  <testcase name="testUser" classname="TestCases" time="0.002"/>
  <testcase name="testToString" classname="TestCases" time="0.0"/>
  <testcase name="testBuilding" classname="TestCases" time="0.0"/>
  <testcase name="testBuildingArgs" classname="TestCases" time="0.0"/>
  <testcase name="testUserAccess" classname="TestCases" time="0.0"/>
  <testcase name="testRoomArgs" classname="TestCases" time="0.001"/>
  <testcase name="testCapacity" classname="TestCases" time="0.001"/>
  <testcase name="testFacility" classname="TestCases" time="0.0"/>
  <system-out><![CDATA[]]></system-out>
  <system-err><![CDATA[]]></system-err>
</testsuite>
