<?xml version="1.0" encoding="UTF-8"?>
<testsuite name="StringRecipeTest" tests="1" skipped="0" failures="0" errors="0" timestamp="2020-03-24T15:59:40" hostname="MacBook-Air-de-Afonso.local" time="0.004">
  <properties/>
  <testcase name="stringRecipe" classname="StringRecipeTest" time="0.004"/>
  <system-out><![CDATA[]]></system-out>
  <system-err><![CDATA[]]></system-err>
</testsuite>
