<?xml version="1.0" encoding="UTF-8"?>
<testsuite name="StringTransformerGroupTest" tests="1" skipped="0" failures="0" errors="0" timestamp="2020-03-24T16:21:03" hostname="MacBook-Air-de-Afonso.local" time="0.005">
  <properties/>
  <testcase name="transformerComposite" classname="StringTransformerGroupTest" time="0.005"/>
  <system-out><![CDATA[]]></system-out>
  <system-err><![CDATA[]]></system-err>
</testsuite>
