<?xml version="1.0" encoding="UTF-8"?>
<testsuite name="StringBarTest" tests="1" skipped="0" failures="0" errors="0" timestamp="2020-03-24T18:11:48" hostname="MacBook-Air-de-Afonso.local" time="0.005">
  <properties/>
  <testcase name="impatientStrategy" classname="StringBarTest" time="0.005"/>
  <system-out><![CDATA[]]></system-out>
  <system-err><![CDATA[]]></system-err>
</testsuite>
