<?xml version="1.0" encoding="UTF-8"?>
<testsuite name="com.aor.refactoring.example2.ShapeTest" tests="1" skipped="0" failures="0" errors="0" timestamp="2020-03-31T16:26:50" hostname="MacBook-Air-de-Afonso.local" time="0.79">
  <properties/>
  <testcase name="drawRectangle" classname="com.aor.refactoring.example2.ShapeTest" time="0.79"/>
  <system-out><![CDATA[]]></system-out>
  <system-err><![CDATA[]]></system-err>
</testsuite>
