<?xml version="1.0" encoding="UTF-8"?>
<testsuite name="com.aor.refactoring.example2.ShapeTest" tests="6" skipped="0" failures="0" errors="0" timestamp="2020-03-31T15:58:27" hostname="MacBook-Air-de-Afonso.local" time="0.887">
  <properties/>
  <testcase name="getAreaRectangle" classname="com.aor.refactoring.example2.ShapeTest" time="0.017"/>
  <testcase name="getPerimeterCircle" classname="com.aor.refactoring.example2.ShapeTest" time="0.001"/>
  <testcase name="drawCircle" classname="com.aor.refactoring.example2.ShapeTest" time="0.845"/>
  <testcase name="getAreaCircle" classname="com.aor.refactoring.example2.ShapeTest" time="0.0"/>
  <testcase name="getPerimeterRectangle" classname="com.aor.refactoring.example2.ShapeTest" time="0.0"/>
  <testcase name="drawRectangle" classname="com.aor.refactoring.example2.ShapeTest" time="0.016"/>
  <system-out><![CDATA[]]></system-out>
  <system-err><![CDATA[]]></system-err>
</testsuite>
